Device: NVIDIA H100 80GB HBM3 | Total SMs: 132
========================================================
Active SMs: 66 (of 132)
Threads/block: 256
========================================================

--------------------------------------------------------
Shape: 512 x 1024 | Bytes: 0.0020 GB
--------------------------------------------------------
正确性验证：
  Sequential SM: PASS
  Interleaved SM: PASS
  Standard: PASS

性能对比：
  Sequential SM (SM 0-65):     0.0043 ms, 487.60 GB/s
  Interleaved SM (SM 0,2,..):  0.0045 ms, 465.83 GB/s
  Standard (blockIdx):         0.0043 ms, 494.20 GB/s

  Interleaved vs Sequential: -21.77 GB/s (-4.46%)
  Standard vs Sequential:    +6.60 GB/s (+1.35%)

--------------------------------------------------------
Shape: 1024 x 1024 | Bytes: 0.0039 GB
--------------------------------------------------------
正确性验证：
  Sequential SM: PASS
  Interleaved SM: PASS
  Standard: PASS

性能对比：
  Sequential SM (SM 0-65):     0.0061 ms, 694.12 GB/s
  Interleaved SM (SM 0,2,..):  0.0063 ms, 666.13 GB/s
  Standard (blockIdx):         0.0061 ms, 692.48 GB/s

  Interleaved vs Sequential: -27.99 GB/s (-4.03%)
  Standard vs Sequential:    -1.65 GB/s (-0.24%)

--------------------------------------------------------
Shape: 1024 x 2048 | Bytes: 0.0078 GB
--------------------------------------------------------
正确性验证：
  Sequential SM: PASS
  Interleaved SM: PASS
  Standard: PASS

性能对比：
  Sequential SM (SM 0-65):     0.0092 ms, 914.25 GB/s
  Interleaved SM (SM 0,2,..):  0.0094 ms, 893.86 GB/s
  Standard (blockIdx):         0.0090 ms, 929.30 GB/s

  Interleaved vs Sequential: -20.39 GB/s (-2.23%)
  Standard vs Sequential:    +15.05 GB/s (+1.65%)

--------------------------------------------------------
Shape: 2048 x 2048 | Bytes: 0.0156 GB
--------------------------------------------------------
正确性验证：
  Sequential SM: PASS
  Interleaved SM: PASS
  Standard: PASS

性能对比：
  Sequential SM (SM 0-65):     0.0156 ms, 1076.29 GB/s
  Interleaved SM (SM 0,2,..):  0.0158 ms, 1060.74 GB/s
  Standard (blockIdx):         0.0156 ms, 1077.84 GB/s

  Interleaved vs Sequential: -15.55 GB/s (-1.45%)
  Standard vs Sequential:    +1.55 GB/s (+0.14%)

--------------------------------------------------------
Shape: 2048 x 4096 | Bytes: 0.0313 GB
--------------------------------------------------------
正确性验证：
  Sequential SM: PASS
  Interleaved SM: PASS
  Standard: PASS

性能对比：
  Sequential SM (SM 0-65):     0.0348 ms, 963.63 GB/s
  Interleaved SM (SM 0,2,..):  0.0294 ms, 1142.14 GB/s
  Standard (blockIdx):         0.0280 ms, 1198.70 GB/s

  Interleaved vs Sequential: +178.51 GB/s (+18.53%)
  Standard vs Sequential:    +235.07 GB/s (+24.39%)

--------------------------------------------------------
Shape: 4096 x 4096 | Bytes: 0.0625 GB
--------------------------------------------------------
正确性验证：
  Sequential SM: PASS
  Interleaved SM: PASS
  Standard: PASS

性能对比：
  Sequential SM (SM 0-65):     0.1117 ms, 600.83 GB/s
  Interleaved SM (SM 0,2,..):  0.1123 ms, 597.92 GB/s
  Standard (blockIdx):         0.1121 ms, 598.92 GB/s

  Interleaved vs Sequential: -2.92 GB/s (-0.49%)
  Standard vs Sequential:    -1.91 GB/s (-0.32%)

--------------------------------------------------------
Shape: 4096 x 8192 | Bytes: 0.1250 GB
--------------------------------------------------------
正确性验证：
  Sequential SM: PASS
  Interleaved SM: PASS
  Standard: PASS

性能对比：
  Sequential SM (SM 0-65):     0.2180 ms, 616.00 GB/s
  Interleaved SM (SM 0,2,..):  0.2181 ms, 615.58 GB/s
  Standard (blockIdx):         0.2183 ms, 615.19 GB/s

  Interleaved vs Sequential: -0.42 GB/s (-0.07%)
  Standard vs Sequential:    -0.81 GB/s (-0.13%)

--------------------------------------------------------
Shape: 8192 x 8192 | Bytes: 0.2501 GB
--------------------------------------------------------
正确性验证：
  Sequential SM: PASS
  Interleaved SM: PASS
  Standard: PASS

性能对比：
  Sequential SM (SM 0-65):     0.4257 ms, 630.67 GB/s
  Interleaved SM (SM 0,2,..):  0.4322 ms, 621.28 GB/s
  Standard (blockIdx):         0.4314 ms, 622.39 GB/s

  Interleaved vs Sequential: -9.40 GB/s (-1.49%)
  Standard vs Sequential:    -8.28 GB/s (-1.31%)

--------------------------------------------------------
Shape: 8192 x 16384 | Bytes: 0.5001 GB
--------------------------------------------------------
正确性验证：
  Sequential SM: PASS
  Interleaved SM: PASS
  Standard: PASS

性能对比：
  Sequential SM (SM 0-65):     0.8430 ms, 637.00 GB/s
  Interleaved SM (SM 0,2,..):  0.8560 ms, 627.33 GB/s
  Standard (blockIdx):         0.8536 ms, 629.09 GB/s

  Interleaved vs Sequential: -9.67 GB/s (-1.52%)
  Standard vs Sequential:    -7.92 GB/s (-1.24%)

--------------------------------------------------------
Shape: 16384 x 16384 | Bytes: 1.0001 GB
--------------------------------------------------------
正确性验证：
  Sequential SM: PASS
  Interleaved SM: PASS
  Standard: PASS

性能对比：
  Sequential SM (SM 0-65):     1.6545 ms, 649.07 GB/s
  Interleaved SM (SM 0,2,..):  1.6570 ms, 648.07 GB/s
  Standard (blockIdx):         1.6699 ms, 643.07 GB/s

  Interleaved vs Sequential: -1.00 GB/s (-0.15%)
  Standard vs Sequential:    -6.00 GB/s (-0.92%)

--------------------------------------------------------
Shape: 16384 x 32768 | Bytes: 2.0002 GB
--------------------------------------------------------
正确性验证：
  Sequential SM: PASS
  Interleaved SM: PASS
  Standard: PASS

性能对比：
  Sequential SM (SM 0-65):     3.2935 ms, 652.11 GB/s
  Interleaved SM (SM 0,2,..):  3.2950 ms, 651.81 GB/s
  Standard (blockIdx):         3.3255 ms, 645.83 GB/s

  Interleaved vs Sequential: -0.30 GB/s (-0.05%)
  Standard vs Sequential:    -6.28 GB/s (-0.96%)

--------------------------------------------------------
Shape: 32768 x 32768 | Bytes: 4.0002 GB
--------------------------------------------------------
正确性验证：
  Sequential SM: PASS
  Interleaved SM: PASS
  Standard: PASS

性能对比：
  Sequential SM (SM 0-65):     6.5778 ms, 652.99 GB/s
  Interleaved SM (SM 0,2,..):  6.5723 ms, 653.53 GB/s
  Standard (blockIdx):         6.6203 ms, 648.79 GB/s

  Interleaved vs Sequential: +0.54 GB/s (+0.08%)
  Standard vs Sequential:    -4.19 GB/s (-0.64%)

========================================================
测试完成!
========================================================
